<?xml version="1.0" encoding="UTF-8"?>
<testng-results skipped="0" failed="0" ignored="0" total="1" passed="1">
  <reporter-output>
  </reporter-output>
  <suite name="Default suite" duration-ms="51" started-at="2019-02-15T06:41:30Z" finished-at="2019-02-15T06:41:30Z">
    <groups>
    </groups>
    <test name="Default test" duration-ms="51" started-at="2019-02-15T06:41:30Z" finished-at="2019-02-15T06:41:30Z">
      <class name="project.LoginTest">
        <test-method status="PASS" signature="LogintTest()[pri:0, instance:project.LoginTest@35047d03]" name="LogintTest" duration-ms="14" started-at="2019-02-15T12:11:30Z" finished-at="2019-02-15T12:11:30Z">
          <reporter-output>
          </reporter-output>
        </test-method> <!-- LogintTest -->
      </class> <!-- project.LoginTest -->
    </test> <!-- Default test -->
  </suite> <!-- Default suite -->
</testng-results>
